<?xml version="1.0" encoding="UTF-8"?>
<!-- Generated by org.testng.reporters.JUnitXMLReporter -->
<testsuite ignored="1" hostname="DESKTOP-79QOT61" failures="0" tests="2" name="Submit Order" time="38.51" errors="0" timestamp="2025-07-15T15:44:12 IST">
  <testcase classname="lokeshMavenProject.seleniumFrameWork1.SubmitOrder" name="productValidation" time="10.802"/>
  <testcase classname="lokeshMavenProject.seleniumFrameWork1.SubmitOrder" name="productValidation" time="10.854"/>
  <testcase classname="lokeshMavenProject.seleniumFrameWork1.SubmitOrder" name="viewOrdersPage" time="0.0">
    <ignored/>
  </testcase> <!-- viewOrdersPage -->
</testsuite> <!-- Submit Order -->
